<?xml version="1.0" encoding="UTF-8"?>
<testsuite name="com.taxInvioce.InvoiceServiceTest" tests="1" skipped="0" failures="0" errors="0" timestamp="2020-05-30T04:11:26" hostname="KYOOLBABA" time="0.004">
  <properties/>
  <testcase name="givenMultipleRides_shouldReturnInvoiceSummary" classname="com.taxInvioce.InvoiceServiceTest" time="0.004"/>
  <system-out><![CDATA[]]></system-out>
  <system-err><![CDATA[]]></system-err>
</testsuite>
