<?xml version="1.0" encoding="UTF-8"?>
<testsuite name="com.taxInvioce.InvoiceServiceTest" tests="3" skipped="0" failures="0" errors="0" timestamp="2020-05-30T03:43:52" hostname="KYOOLBABA" time="0.013">
  <properties/>
  <testcase name="givenLessDistanceAndTime_shouldReturnMinimunFare" classname="com.taxInvioce.InvoiceServiceTest" time="0.005"/>
  <testcase name="givenDistanceAndTime_shouldReturnTotalFare" classname="com.taxInvioce.InvoiceServiceTest" time="0.0"/>
  <testcase name="givenMultipleRides_shouldReturnTotalFare" classname="com.taxInvioce.InvoiceServiceTest" time="0.004"/>
  <system-out><![CDATA[]]></system-out>
  <system-err><![CDATA[]]></system-err>
</testsuite>
